  EBO.cpp
  Main.cpp
  shaderClass.cpp
  stb.cpp
  Texture.cpp
  VAO.cpp
D:\Projetos\Pessoais\OpenGL\RFengine\Engine\VAO.cpp(12,63): warning C4244: 'argumento': conversão de 'GLsizeiptr' para 'GLsizei', possível perda de dados
  VBO.cpp
  Gerando Código...
  glad.c
glfw3.lib(context.obj) : warning LNK4099: PDB '' não foi encontrado 'glfw3.lib(context.obj)' ou no ''; vinculando objeto quando quando sem nenhuma informação de depuração
glfw3.lib(init.obj) : warning LNK4099: PDB 'glfw3.pdb' não foi encontrado 'glfw3.lib(init.obj)' ou no 'D:\Projetos\Pessoais\OpenGL\RFengine\x64\Debug\glfw3.pdb'; vinculando objeto quando quando sem nenhuma informação de depuração
glfw3.lib(input.obj) : warning LNK4099: PDB 'glfw3.pdb' não foi encontrado 'glfw3.lib(input.obj)' ou no 'D:\Projetos\Pessoais\OpenGL\RFengine\x64\Debug\glfw3.pdb'; vinculando objeto quando quando sem nenhuma informação de depuração
glfw3.lib(monitor.obj) : warning LNK4099: PDB 'glfw3.pdb' não foi encontrado 'glfw3.lib(monitor.obj)' ou no 'D:\Projetos\Pessoais\OpenGL\RFengine\x64\Debug\glfw3.pdb'; vinculando objeto quando quando sem nenhuma informação de depuração
glfw3.lib(vulkan.obj) : warning LNK4099: PDB 'glfw3.pdb' não foi encontrado 'glfw3.lib(vulkan.obj)' ou no 'D:\Projetos\Pessoais\OpenGL\RFengine\x64\Debug\glfw3.pdb'; vinculando objeto quando quando sem nenhuma informação de depuração
glfw3.lib(window.obj) : warning LNK4099: PDB 'glfw3.pdb' não foi encontrado 'glfw3.lib(window.obj)' ou no 'D:\Projetos\Pessoais\OpenGL\RFengine\x64\Debug\glfw3.pdb'; vinculando objeto quando quando sem nenhuma informação de depuração
glfw3.lib(win32_init.obj) : warning LNK4099: PDB 'glfw3.pdb' não foi encontrado 'glfw3.lib(win32_init.obj)' ou no 'D:\Projetos\Pessoais\OpenGL\RFengine\x64\Debug\glfw3.pdb'; vinculando objeto quando quando sem nenhuma informação de depuração
glfw3.lib(win32_joystick.obj) : warning LNK4099: PDB 'glfw3.pdb' não foi encontrado 'glfw3.lib(win32_joystick.obj)' ou no 'D:\Projetos\Pessoais\OpenGL\RFengine\x64\Debug\glfw3.pdb'; vinculando objeto quando quando sem nenhuma informação de depuração
glfw3.lib(win32_monitor.obj) : warning LNK4099: PDB 'glfw3.pdb' não foi encontrado 'glfw3.lib(win32_monitor.obj)' ou no 'D:\Projetos\Pessoais\OpenGL\RFengine\x64\Debug\glfw3.pdb'; vinculando objeto quando quando sem nenhuma informação de depuração
glfw3.lib(win32_time.obj) : warning LNK4099: PDB 'glfw3.pdb' não foi encontrado 'glfw3.lib(win32_time.obj)' ou no 'D:\Projetos\Pessoais\OpenGL\RFengine\x64\Debug\glfw3.pdb'; vinculando objeto quando quando sem nenhuma informação de depuração
glfw3.lib(win32_thread.obj) : warning LNK4099: PDB '' não foi encontrado 'glfw3.lib(win32_thread.obj)' ou no ''; vinculando objeto quando quando sem nenhuma informação de depuração
glfw3.lib(win32_window.obj) : warning LNK4099: PDB 'glfw3.pdb' não foi encontrado 'glfw3.lib(win32_window.obj)' ou no 'D:\Projetos\Pessoais\OpenGL\RFengine\x64\Debug\glfw3.pdb'; vinculando objeto quando quando sem nenhuma informação de depuração
glfw3.lib(wgl_context.obj) : warning LNK4099: PDB 'glfw3.pdb' não foi encontrado 'glfw3.lib(wgl_context.obj)' ou no 'D:\Projetos\Pessoais\OpenGL\RFengine\x64\Debug\glfw3.pdb'; vinculando objeto quando quando sem nenhuma informação de depuração
glfw3.lib(egl_context.obj) : warning LNK4099: PDB '' não foi encontrado 'glfw3.lib(egl_context.obj)' ou no ''; vinculando objeto quando quando sem nenhuma informação de depuração
glfw3.lib(osmesa_context.obj) : warning LNK4099: PDB 'glfw3.pdb' não foi encontrado 'glfw3.lib(osmesa_context.obj)' ou no 'D:\Projetos\Pessoais\OpenGL\RFengine\x64\Debug\glfw3.pdb'; vinculando objeto quando quando sem nenhuma informação de depuração
  RFengine.vcxproj -> D:\Projetos\Pessoais\OpenGL\RFengine\x64\Debug\RFengine.exe
